#
# There is insufficient memory for the Java Runtime Environment to continue.
# Native memory allocation (malloc) failed to allocate 1479824 bytes. Error detail: Chunk::new
# Possible reasons:
#   The system is out of physical RAM or swap space
#   This process is running with CompressedOops enabled, and the Java Heap may be blocking the growth of the native heap
# Possible solutions:
#   Reduce memory load on the system
#   Increase physical memory or swap space
#   Check if swap backing store is full
#   Decrease Java heap size (-Xmx/-Xms)
#   Decrease number of Java threads
#   Decrease Java thread stack sizes (-Xss)
#   Set larger code cache with -XX:ReservedCodeCacheSize=
#   JVM is running with Zero Based Compressed Oops mode in which the Java heap is
#     placed in the first 32GB address space. The Java Heap base address is the
#     maximum limit for the native heap growth. Please use -XX:HeapBaseMinAddress
#     to set the Java Heap base and to place the Java Heap above 32GB virtual address.
# This output file may be truncated or incomplete.
#
#  Out of Memory Error (arena.cpp:149), pid=10792, tid=33048
#
# JRE version: Java(TM) SE Runtime Environment (23.0.1+11) (build 23.0.1+11-39)
# Java VM: Java HotSpot(TM) 64-Bit Server VM (23.0.1+11-39, mixed mode, sharing, tiered, compressed oops, compressed class ptrs, g1 gc, windows-amd64)
# No core dump will be written. Minidumps are not enabled by default on client versions of Windows
#

---------------  S U M M A R Y ------------

Command Line: C:\Users\Lenovo\AppData\Roaming\daml\sdk\2.9.4\damlc\resources\scenario-service.jar

Host: 12th Gen Intel(R) Core(TM) i5-12450HX, 12 cores, 15G,  Windows 11 , 64 bit Build 26100 (10.0.26100.8521)
Time: Sat Jul  4 18:28:05 2026 SE Asia Standard Time elapsed time: 14.885777 seconds (0d 0h 0m 14s)

---------------  T H R E A D  ---------------

Current thread (0x0000021bc5070dc0):  JavaThread "C2 CompilerThread1" daemon [_thread_in_native, id=33048, stack(0x0000009edb000000,0x0000009edb100000) (1024K)]


Current CompileTask:
C2:14885 7017       4       com.daml.lf.validation.iterable.TypeIterable$::iterator (2786 bytes)

Stack: [0x0000009edb000000,0x0000009edb100000]
Native frames: (J=compiled Java code, j=interpreted, Vv=VM code, C=native code)
V  [jvm.dll+0x6e08b9]  (no source info available)
V  [jvm.dll+0x87dc83]  (no source info available)
V  [jvm.dll+0x88010e]  (no source info available)
V  [jvm.dll+0x8807e3]  (no source info available)
V  [jvm.dll+0x27aee6]  (no source info available)
V  [jvm.dll+0xbc06f]  (no source info available)
V  [jvm.dll+0xbc2cb]  (no source info available)
V  [jvm.dll+0x3b3a9c]  (no source info available)
V  [jvm.dll+0x38a42b]  (no source info available)
V  [jvm.dll+0x38989a]  (no source info available)
V  [jvm.dll+0x244aa1]  (no source info available)
V  [jvm.dll+0x243dff]  (no source info available)
V  [jvm.dll+0x1c33a0]  (no source info available)
V  [jvm.dll+0x253cf1]  (no source info available)
V  [jvm.dll+0x251faa]  (no source info available)
V  [jvm.dll+0x3ee036]  (no source info available)
V  [jvm.dll+0x824f8b]  (no source info available)
V  [jvm.dll+0x6df065]  (no source info available)
C  [ucrtbase.dll+0x2cd30]  (no source info available)
C  [KERNEL32.DLL+0x2e957]  (no source info available)
C  [ntdll.dll+0x87c1c]  (no source info available)

Lock stack of current Java thread (top to bottom):


---------------  P R O C E S S  ---------------

Threads class SMR info:
_java_thread_list=0x0000021bc8c84960, length=30, elements={
0x0000021bdad01420, 0x0000021bfa4950a0, 0x0000021bfa496bb0, 0x0000021bfa49a8f0,
0x0000021bfa49b350, 0x0000021bfa49bdb0, 0x0000021bfa49c810, 0x0000021bfa49d5a0,
0x0000021bfa49ed70, 0x0000021bc5159310, 0x0000021bc51601c0, 0x0000021bc5d31510,
0x0000021bc5cb2d00, 0x0000021bc5caa5b0, 0x0000021bc5cd8680, 0x0000021bc5cd3340,
0x0000021bc6128d80, 0x0000021bc5fcfa10, 0x0000021bc5fd00a0, 0x0000021bc5fd0730,
0x0000021bc5fd1ae0, 0x0000021bc5fd2800, 0x0000021bc5fd0dc0, 0x0000021bc5fd1450,
0x0000021bc64b0d80, 0x0000021bc64b2130, 0x0000021bc64b0060, 0x0000021bc64b06f0,
0x0000021bc5070dc0, 0x0000021bc7bf1010
}

Java Threads: ( => current thread )
  0x0000021bdad01420 JavaThread "main"                              [_thread_blocked, id=1388, stack(0x0000009ed8200000,0x0000009ed8300000) (1024K)]
  0x0000021bfa4950a0 JavaThread "Reference Handler"          daemon [_thread_blocked, id=31220, stack(0x0000009ed8a00000,0x0000009ed8b00000) (1024K)]
  0x0000021bfa496bb0 JavaThread "Finalizer"                  daemon [_thread_blocked, id=33624, stack(0x0000009ed8b00000,0x0000009ed8c00000) (1024K)]
  0x0000021bfa49a8f0 JavaThread "Signal Dispatcher"          daemon [_thread_blocked, id=14524, stack(0x0000009ed8c00000,0x0000009ed8d00000) (1024K)]
  0x0000021bfa49b350 JavaThread "Attach Listener"            daemon [_thread_blocked, id=29836, stack(0x0000009ed8d00000,0x0000009ed8e00000) (1024K)]
  0x0000021bfa49bdb0 JavaThread "Service Thread"             daemon [_thread_blocked, id=8724, stack(0x0000009ed8e00000,0x0000009ed8f00000) (1024K)]
  0x0000021bfa49c810 JavaThread "Monitor Deflation Thread"   daemon [_thread_blocked, id=13880, stack(0x0000009ed8f00000,0x0000009ed9000000) (1024K)]
  0x0000021bfa49d5a0 JavaThread "C2 CompilerThread0"         daemon [_thread_in_native, id=13220, stack(0x0000009ed9000000,0x0000009ed9100000) (1024K)]
  0x0000021bfa49ed70 JavaThread "C1 CompilerThread0"         daemon [_thread_in_vm, id=11464, stack(0x0000009ed9100000,0x0000009ed9200000) (1024K)]
  0x0000021bc5159310 JavaThread "Notification Thread"        daemon [_thread_blocked, id=3004, stack(0x0000009ed9200000,0x0000009ed9300000) (1024K)]
  0x0000021bc51601c0 JavaThread "Common-Cleaner"             daemon [_thread_blocked, id=23404, stack(0x0000009ed9300000,0x0000009ed9400000) (1024K)]
  0x0000021bc5d31510 JavaThread "ScriptService-scheduler-1"         [_thread_blocked, id=12004, stack(0x0000009ed9a00000,0x0000009ed9b00000) (1024K)]
  0x0000021bc5cb2d00 JavaThread "ScriptService-pekko.actor.internal-dispatcher-2"        [_thread_blocked, id=12520, stack(0x0000009ed9b00000,0x0000009ed9c00000) (1024K)]
  0x0000021bc5caa5b0 JavaThread "ScriptService-pekko.actor.internal-dispatcher-3"        [_thread_blocked, id=12144, stack(0x0000009ed9c00000,0x0000009ed9d00000) (1024K)]
  0x0000021bc5cd8680 JavaThread "ScriptService-pekko.actor.internal-dispatcher-4"        [_thread_blocked, id=30160, stack(0x0000009ed9d00000,0x0000009ed9e00000) (1024K)]
  0x0000021bc5cd3340 JavaThread "ScriptService-pekko.actor.internal-dispatcher-5"        [_thread_blocked, id=15644, stack(0x0000009ed9e00000,0x0000009ed9f00000) (1024K)]
  0x0000021bc6128d80 JavaThread "ScriptService-pekko.actor.default-dispatcher-6"        [_thread_blocked, id=32148, stack(0x0000009ed9f00000,0x0000009eda000000) (1024K)]
  0x0000021bc5fcfa10 JavaThread "ScriptService-pekko.actor.default-dispatcher-7"        [_thread_blocked, id=19920, stack(0x0000009eda000000,0x0000009eda100000) (1024K)]
  0x0000021bc5fd00a0 JavaThread "ScriptService-pekko.actor.default-dispatcher-8"        [_thread_blocked, id=10884, stack(0x0000009eda100000,0x0000009eda200000) (1024K)]
  0x0000021bc5fd0730 JavaThread "ScriptService-pekko.actor.default-dispatcher-10"        [_thread_blocked, id=30128, stack(0x0000009ed9400000,0x0000009ed9500000) (1024K)]
  0x0000021bc5fd1ae0 JavaThread "ScriptService-pekko.actor.default-dispatcher-9"        [_thread_blocked, id=10060, stack(0x0000009eda200000,0x0000009eda300000) (1024K)]
  0x0000021bc5fd2800 JavaThread "ScriptService-pekko.actor.default-dispatcher-11"        [_thread_blocked, id=15832, stack(0x0000009eda300000,0x0000009eda400000) (1024K)]
  0x0000021bc5fd0dc0 JavaThread "ScriptService-pekko.actor.default-dispatcher-12"        [_thread_blocked, id=9328, stack(0x0000009eda400000,0x0000009eda500000) (1024K)]
  0x0000021bc5fd1450 JavaThread "ScriptService-pekko.actor.default-dispatcher-13"        [_thread_blocked, id=27540, stack(0x0000009eda500000,0x0000009eda600000) (1024K)]
  0x0000021bc64b0d80 JavaThread "grpc-nio-boss-ELG-1-1"      daemon [_thread_in_native, id=18736, stack(0x0000009edac00000,0x0000009edad00000) (1024K)]
  0x0000021bc64b2130 JavaThread "Thread-0"                          [_thread_in_native, id=9968, stack(0x0000009edad00000,0x0000009edae00000) (1024K)]
  0x0000021bc64b0060 JavaThread "grpc-nio-worker-ELG-3-1"    daemon [_thread_in_native, id=27072, stack(0x0000009edae00000,0x0000009edaf00000) (1024K)]
  0x0000021bc64b06f0 JavaThread "grpc-default-executor-0"    daemon [_thread_in_Java, id=11988, stack(0x0000009edaf00000,0x0000009edb000000) (1024K)]
=>0x0000021bc5070dc0 JavaThread "C2 CompilerThread1"         daemon [_thread_in_native, id=33048, stack(0x0000009edb000000,0x0000009edb100000) (1024K)]
  0x0000021bc7bf1010 JavaThread "C2 CompilerThread2"         daemon [_thread_in_native, id=27104, stack(0x0000009edb100000,0x0000009edb200000) (1024K)]
Total: 30

Other Threads:
  0x0000021bfa475df0 VMThread "VM Thread"                           [id=33092, stack(0x0000009ed8900000,0x0000009ed8a00000) (1024K)]
  0x0000021bfa460b10 WatcherThread "VM Periodic Task Thread"        [id=33080, stack(0x0000009ed8800000,0x0000009ed8900000) (1024K)]
  0x0000021bdad62600 WorkerThread "GC Thread#0"                     [id=16968, stack(0x0000009ed8300000,0x0000009ed8400000) (1024K)]
  0x0000021bc5f19480 WorkerThread "GC Thread#1"                     [id=17484, stack(0x0000009ed9500000,0x0000009ed9600000) (1024K)]
  0x0000021bc61ca130 WorkerThread "GC Thread#2"                     [id=24288, stack(0x0000009ed9600000,0x0000009ed9700000) (1024K)]
  0x0000021bc61ca4e0 WorkerThread "GC Thread#3"                     [id=25616, stack(0x0000009ed9700000,0x0000009ed9800000) (1024K)]
  0x0000021bc5ee4ca0 WorkerThread "GC Thread#4"                     [id=18132, stack(0x0000009ed9800000,0x0000009ed9900000) (1024K)]
  0x0000021bc5ee5050 WorkerThread "GC Thread#5"                     [id=432, stack(0x0000009ed9900000,0x0000009ed9a00000) (1024K)]
  0x0000021bc6124260 WorkerThread "GC Thread#6"                     [id=28664, stack(0x0000009eda700000,0x0000009eda800000) (1024K)]
  0x0000021bc6123b00 WorkerThread "GC Thread#7"                     [id=32348, stack(0x0000009eda800000,0x0000009eda900000) (1024K)]
  0x0000021bc6122890 WorkerThread "GC Thread#8"                     [id=7992, stack(0x0000009eda900000,0x0000009edaa00000) (1024K)]
  0x0000021bc6122c40 WorkerThread "GC Thread#9"                     [id=32084, stack(0x0000009edaa00000,0x0000009edab00000) (1024K)]
  0x0000021bdad77f30 ConcurrentGCThread "G1 Main Marker"            [id=24628, stack(0x0000009ed8400000,0x0000009ed8500000) (1024K)]
  0x0000021bdad78a40 WorkerThread "G1 Conc#0"                       [id=8964, stack(0x0000009ed8500000,0x0000009ed8600000) (1024K)]
  0x0000021bc66cd9f0 WorkerThread "G1 Conc#1"                       [id=29132, stack(0x0000009eda600000,0x0000009eda700000) (1024K)]
  0x0000021bc66d09e0 WorkerThread "G1 Conc#2"                       [id=27016, stack(0x0000009edab00000,0x0000009edac00000) (1024K)]
  0x0000021bfa334c00 ConcurrentGCThread "G1 Refine#0"               [id=12916, stack(0x0000009ed8600000,0x0000009ed8700000) (1024K)]
  0x0000021bfa3366a0 ConcurrentGCThread "G1 Service"                [id=26468, stack(0x0000009ed8700000,0x0000009ed8800000) (1024K)]
Total: 18

Threads with active compile tasks:
C2 CompilerThread0  14964 7072       4       com.daml.lf.validation.Typing$Env::typeOfExpr (1476 bytes)
C2 CompilerThread1  14964 7017       4       com.daml.lf.validation.iterable.TypeIterable$::iterator (2786 bytes)
C2 CompilerThread2  14964 7094       4       scala.collection.IterableOnceOps::toArray (360 bytes)
Total: 3

VM state: not at safepoint (normal execution)

VM Mutex/Monitor currently owned by a thread: None

Heap address: 0x0000000704800000, size: 4024 MB, Compressed Oops mode: Zero based, Oop shift amount: 3

CDS archive(s) mapped at: [0x0000021b80000000-0x0000021b80d70000-0x0000021b80d70000), size 14090240, SharedBaseAddress: 0x0000021b80000000, ArchiveRelocationMode: 1.
Compressed class space mapped at: 0x0000021b81000000-0x0000021bc1000000, reserved size: 1073741824
Narrow klass base: 0x0000021b80000000, Narrow klass shift: 0, Narrow klass range: 0x41000000

GC Precious Log:
 CardTable entry size: 512
 Card Set container configuration: InlinePtr #cards 4 size 8 Array Of Cards #cards 16 size 48 Howl #buckets 8 coarsen threshold 3686 Howl Bitmap #cards 512 size 80 coarsen threshold 460 Card regions per heap region 1 cards per card region 4096
 CPUs: 12 total, 12 available
 Memory: 16091M
 Large Page Support: Disabled
 NUMA Support: Disabled
 Compressed Oops: Enabled (Zero based)
 Heap Region Size: 2M
 Heap Min Capacity: 8M
 Heap Initial Capacity: 252M
 Heap Max Capacity: 4024M
 Pre-touch: Disabled
 Parallel Workers: 10
 Concurrent Workers: 3
 Concurrent Refinement Workers: 10
 Periodic GC: Disabled

Heap:
 garbage-first heap   total reserved 4120576K, committed 159744K, used 51965K [0x0000000704800000, 0x0000000800000000)
  region size 2048K, 10 young (20480K), 5 survivors (10240K)
 Metaspace       used 49446K, committed 49792K, reserved 1114112K
  class space    used 6132K, committed 6272K, reserved 1048576K

Heap Regions: E=young(eden), S=young(survivor), O=old, HS=humongous(starts), HC=humongous(continues), CS=collection set, F=free, TAMS=top-at-mark-start, PB=parsable bottom
|   0|0x0000000704800000, 0x0000000704a00000, 0x0000000704a00000|100%|HS|  |TAMS 0x0000000704800000| PB 0x0000000704800000| Complete |  0
|   1|0x0000000704a00000, 0x0000000704c00000, 0x0000000704c00000|100%|HC|  |TAMS 0x0000000704a00000| PB 0x0000000704a00000| Complete |  0
|   2|0x0000000704c00000, 0x0000000704e00000, 0x0000000704e00000|100%|HC|  |TAMS 0x0000000704c00000| PB 0x0000000704c00000| Complete |  0
|   3|0x0000000704e00000, 0x0000000705000000, 0x0000000705000000|100%| O|  |TAMS 0x0000000704e00000| PB 0x0000000704e00000| Untracked |  0
|   4|0x0000000705000000, 0x0000000705200000, 0x0000000705200000|100%| O|  |TAMS 0x0000000705000000| PB 0x0000000705000000| Untracked |  0
|   5|0x0000000705200000, 0x00000007052669b0, 0x0000000705400000| 20%| O|  |TAMS 0x0000000705200000| PB 0x0000000705200000| Untracked |  0
|   6|0x0000000705400000, 0x0000000705600000, 0x0000000705600000|100%| O|  |TAMS 0x0000000705400000| PB 0x0000000705400000| Untracked |  0
|   7|0x0000000705600000, 0x0000000705800000, 0x0000000705800000|100%| O|  |TAMS 0x0000000705600000| PB 0x0000000705600000| Untracked |  0
|   8|0x0000000705800000, 0x0000000705a00000, 0x0000000705a00000|100%| O|  |TAMS 0x0000000705800000| PB 0x0000000705800000| Untracked |  0
|   9|0x0000000705a00000, 0x0000000705a00000, 0x0000000705c00000|  0%| F|  |TAMS 0x0000000705a00000| PB 0x0000000705a00000| Untracked |  0
|  10|0x0000000705c00000, 0x0000000705e00000, 0x0000000705e00000|100%| O|  |TAMS 0x0000000705c00000| PB 0x0000000705c00000| Untracked |  0
|  11|0x0000000705e00000, 0x0000000706000000, 0x0000000706000000|100%| O|  |TAMS 0x0000000705e00000| PB 0x0000000705e00000| Untracked |  0
|  12|0x0000000706000000, 0x0000000706200000, 0x0000000706200000|100%| O|  |TAMS 0x0000000706000000| PB 0x0000000706000000| Untracked |  0
|  13|0x0000000706200000, 0x0000000706400000, 0x0000000706400000|100%| O|  |TAMS 0x0000000706200000| PB 0x0000000706200000| Untracked |  0
|  14|0x0000000706400000, 0x0000000706400000, 0x0000000706600000|  0%| F|  |TAMS 0x0000000706400000| PB 0x0000000706400000| Untracked |  0
|  15|0x0000000706600000, 0x0000000706800000, 0x0000000706800000|100%| O|  |TAMS 0x0000000706600000| PB 0x0000000706600000| Untracked |  0
|  16|0x0000000706800000, 0x0000000706a00000, 0x0000000706a00000|100%| O|  |TAMS 0x0000000706800000| PB 0x0000000706800000| Untracked |  0
|  17|0x0000000706a00000, 0x0000000706c00000, 0x0000000706c00000|100%| O|  |TAMS 0x0000000706a00000| PB 0x0000000706a00000| Untracked |  0
|  18|0x0000000706c00000, 0x0000000706e00000, 0x0000000706e00000|100%| O|  |TAMS 0x0000000706c00000| PB 0x0000000706c00000| Untracked |  0
|  19|0x0000000706e00000, 0x0000000707000000, 0x0000000707000000|100%| O|  |TAMS 0x0000000706e00000| PB 0x0000000706e00000| Untracked |  0
|  20|0x0000000707000000, 0x0000000707000000, 0x0000000707200000|  0%| F|  |TAMS 0x0000000707000000| PB 0x0000000707000000| Untracked |  0
|  21|0x0000000707200000, 0x0000000707200000, 0x0000000707400000|  0%| F|  |TAMS 0x0000000707200000| PB 0x0000000707200000| Untracked |  0
|  22|0x0000000707400000, 0x0000000707400000, 0x0000000707600000|  0%| F|  |TAMS 0x0000000707400000| PB 0x0000000707400000| Untracked |  0
|  23|0x0000000707600000, 0x0000000707600000, 0x0000000707800000|  0%| F|  |TAMS 0x0000000707600000| PB 0x0000000707600000| Untracked |  0
|  24|0x0000000707800000, 0x0000000707800000, 0x0000000707a00000|  0%| F|  |TAMS 0x0000000707800000| PB 0x0000000707800000| Untracked |  0
|  25|0x0000000707a00000, 0x0000000707a00000, 0x0000000707c00000|  0%| F|  |TAMS 0x0000000707a00000| PB 0x0000000707a00000| Untracked |  0
|  26|0x0000000707c00000, 0x0000000707c00000, 0x0000000707e00000|  0%| F|  |TAMS 0x0000000707c00000| PB 0x0000000707c00000| Untracked |  0
|  27|0x0000000707e00000, 0x0000000707e00000, 0x0000000708000000|  0%| F|  |TAMS 0x0000000707e00000| PB 0x0000000707e00000| Untracked |  0
|  28|0x0000000708000000, 0x0000000708058b78, 0x0000000708200000| 17%| S|CS|TAMS 0x0000000708000000| PB 0x0000000708000000| Complete |  0
|  29|0x0000000708200000, 0x0000000708400000, 0x0000000708400000|100%| S|CS|TAMS 0x0000000708200000| PB 0x0000000708200000| Complete |  0
|  30|0x0000000708400000, 0x0000000708600000, 0x0000000708600000|100%| S|CS|TAMS 0x0000000708400000| PB 0x0000000708400000| Complete |  0
|  31|0x0000000708600000, 0x0000000708600000, 0x0000000708800000|  0%| F|  |TAMS 0x0000000708600000| PB 0x0000000708600000| Untracked |  0
|  32|0x0000000708800000, 0x0000000708800000, 0x0000000708a00000|  0%| F|  |TAMS 0x0000000708800000| PB 0x0000000708800000| Untracked |  0
|  33|0x0000000708a00000, 0x0000000708c00000, 0x0000000708c00000|100%| S|CS|TAMS 0x0000000708a00000| PB 0x0000000708a00000| Complete |  0
|  34|0x0000000708c00000, 0x0000000708e00000, 0x0000000708e00000|100%| S|CS|TAMS 0x0000000708c00000| PB 0x0000000708c00000| Complete |  0
|  35|0x0000000708e00000, 0x0000000708e00000, 0x0000000709000000|  0%| F|  |TAMS 0x0000000708e00000| PB 0x0000000708e00000| Untracked |  0
|  36|0x0000000709000000, 0x0000000709000000, 0x0000000709200000|  0%| F|  |TAMS 0x0000000709000000| PB 0x0000000709000000| Untracked |  0
|  37|0x0000000709200000, 0x0000000709200000, 0x0000000709400000|  0%| F|  |TAMS 0x0000000709200000| PB 0x0000000709200000| Untracked |  0
|  38|0x0000000709400000, 0x0000000709400000, 0x0000000709600000|  0%| F|  |TAMS 0x0000000709400000| PB 0x0000000709400000| Untracked |  0
|  39|0x0000000709600000, 0x0000000709600000, 0x0000000709800000|  0%| F|  |TAMS 0x0000000709600000| PB 0x0000000709600000| Untracked |  0
|  40|0x0000000709800000, 0x0000000709800000, 0x0000000709a00000|  0%| F|  |TAMS 0x0000000709800000| PB 0x0000000709800000| Untracked |  0
|  41|0x0000000709a00000, 0x0000000709a00000, 0x0000000709c00000|  0%| F|  |TAMS 0x0000000709a00000| PB 0x0000000709a00000| Untracked |  0
|  42|0x0000000709c00000, 0x0000000709c00000, 0x0000000709e00000|  0%| F|  |TAMS 0x0000000709c00000| PB 0x0000000709c00000| Untracked |  0
|  43|0x0000000709e00000, 0x0000000709e00000, 0x000000070a000000|  0%| F|  |TAMS 0x0000000709e00000| PB 0x0000000709e00000| Untracked |  0
|  44|0x000000070a000000, 0x000000070a000000, 0x000000070a200000|  0%| F|  |TAMS 0x000000070a000000| PB 0x000000070a000000| Untracked |  0
|  45|0x000000070a200000, 0x000000070a200000, 0x000000070a400000|  0%| F|  |TAMS 0x000000070a200000| PB 0x000000070a200000| Untracked |  0
|  46|0x000000070a400000, 0x000000070a400000, 0x000000070a600000|  0%| F|  |TAMS 0x000000070a400000| PB 0x000000070a400000| Untracked |  0
|  47|0x000000070a600000, 0x000000070a600000, 0x000000070a800000|  0%| F|  |TAMS 0x000000070a600000| PB 0x000000070a600000| Untracked |  0
|  48|0x000000070a800000, 0x000000070a800000, 0x000000070aa00000|  0%| F|  |TAMS 0x000000070a800000| PB 0x000000070a800000| Untracked |  0
|  49|0x000000070aa00000, 0x000000070aa00000, 0x000000070ac00000|  0%| F|  |TAMS 0x000000070aa00000| PB 0x000000070aa00000| Untracked |  0
|  50|0x000000070ac00000, 0x000000070ac00000, 0x000000070ae00000|  0%| F|  |TAMS 0x000000070ac00000| PB 0x000000070ac00000| Untracked |  0
|  51|0x000000070ae00000, 0x000000070ae00000, 0x000000070b000000|  0%| F|  |TAMS 0x000000070ae00000| PB 0x000000070ae00000| Untracked |  0
|  52|0x000000070b000000, 0x000000070b000000, 0x000000070b200000|  0%| F|  |TAMS 0x000000070b000000| PB 0x000000070b000000| Untracked |  0
|  53|0x000000070b200000, 0x000000070b200000, 0x000000070b400000|  0%| F|  |TAMS 0x000000070b200000| PB 0x000000070b200000| Untracked |  0
|  54|0x000000070b400000, 0x000000070b400000, 0x000000070b600000|  0%| F|  |TAMS 0x000000070b400000| PB 0x000000070b400000| Untracked |  0
|  55|0x000000070b600000, 0x000000070b600000, 0x000000070b800000|  0%| F|  |TAMS 0x000000070b600000| PB 0x000000070b600000| Untracked |  0
|  56|0x000000070b800000, 0x000000070b800000, 0x000000070ba00000|  0%| F|  |TAMS 0x000000070b800000| PB 0x000000070b800000| Untracked |  0
|  57|0x000000070ba00000, 0x000000070ba00000, 0x000000070bc00000|  0%| F|  |TAMS 0x000000070ba00000| PB 0x000000070ba00000| Untracked |  0
|  58|0x000000070bc00000, 0x000000070bc00000, 0x000000070be00000|  0%| F|  |TAMS 0x000000070bc00000| PB 0x000000070bc00000| Untracked |  0
|  59|0x000000070be00000, 0x000000070be00000, 0x000000070c000000|  0%| F|  |TAMS 0x000000070be00000| PB 0x000000070be00000| Untracked |  0
|  60|0x000000070c000000, 0x000000070c000000, 0x000000070c200000|  0%| F|  |TAMS 0x000000070c000000| PB 0x000000070c000000| Untracked |  0
|  61|0x000000070c200000, 0x000000070c200000, 0x000000070c400000|  0%| F|  |TAMS 0x000000070c200000| PB 0x000000070c200000| Untracked |  0
|  62|0x000000070c400000, 0x000000070c400000, 0x000000070c600000|  0%| F|  |TAMS 0x000000070c400000| PB 0x000000070c400000| Untracked |  0
|  63|0x000000070c600000, 0x000000070c600000, 0x000000070c800000|  0%| F|  |TAMS 0x000000070c600000| PB 0x000000070c600000| Untracked |  0
|  64|0x000000070c800000, 0x000000070c800000, 0x000000070ca00000|  0%| F|  |TAMS 0x000000070c800000| PB 0x000000070c800000| Untracked |  0
|  65|0x000000070ca00000, 0x000000070ca00000, 0x000000070cc00000|  0%| F|  |TAMS 0x000000070ca00000| PB 0x000000070ca00000| Untracked |  0
|  66|0x000000070cc00000, 0x000000070cc00000, 0x000000070ce00000|  0%| F|  |TAMS 0x000000070cc00000| PB 0x000000070cc00000| Untracked |  0
|  67|0x000000070ce00000, 0x000000070ce00000, 0x000000070d000000|  0%| F|  |TAMS 0x000000070ce00000| PB 0x000000070ce00000| Untracked |  0
|  68|0x000000070d000000, 0x000000070d000000, 0x000000070d200000|  0%| F|  |TAMS 0x000000070d000000| PB 0x000000070d000000| Untracked |  0
|  69|0x000000070d200000, 0x000000070d200000, 0x000000070d400000|  0%| F|  |TAMS 0x000000070d200000| PB 0x000000070d200000| Untracked |  0
|  70|0x000000070d400000, 0x000000070d400000, 0x000000070d600000|  0%| F|  |TAMS 0x000000070d400000| PB 0x000000070d400000| Untracked |  0
|  71|0x000000070d600000, 0x000000070d600000, 0x000000070d800000|  0%| F|  |TAMS 0x000000070d600000| PB 0x000000070d600000| Untracked |  0
|  72|0x000000070d800000, 0x000000070d900000, 0x000000070da00000| 50%| E|  |TAMS 0x000000070d800000| PB 0x000000070d800000| Complete |  0
|  73|0x000000070da00000, 0x000000070dc00000, 0x000000070dc00000|100%| E|CS|TAMS 0x000000070da00000| PB 0x000000070da00000| Complete |  0
|  74|0x000000070dc00000, 0x000000070de00000, 0x000000070de00000|100%| E|CS|TAMS 0x000000070dc00000| PB 0x000000070dc00000| Complete |  0
| 120|0x0000000713800000, 0x0000000713a00000, 0x0000000713a00000|100%| E|CS|TAMS 0x0000000713800000| PB 0x0000000713800000| Complete |  0
| 121|0x0000000713a00000, 0x0000000713c00000, 0x0000000713c00000|100%| E|CS|TAMS 0x0000000713a00000| PB 0x0000000713a00000| Complete |  0
| 125|0x0000000714200000, 0x0000000714400000, 0x0000000714400000|100%| E|CS|TAMS 0x0000000714200000| PB 0x0000000714200000| Complete |  0

Card table byte_map: [0x0000021bf3150000,0x0000021bf3930000] _byte_map_base: 0x0000021bef92c000

Marking Bits: (CMBitMap*) 0x0000021bdad62d10
 Bits: [0x0000021bf3930000, 0x0000021bf7810000)

Polling page: 0x0000021bd8850000

Metaspace:

Usage:
  Non-class:     42.30 MB used.
      Class:      5.99 MB used.
       Both:     48.29 MB used.

Virtual space:
  Non-class space:       64.00 MB reserved,      42.50 MB ( 66%) committed,  1 nodes.
      Class space:        1.00 GB reserved,       6.12 MB ( <1%) committed,  1 nodes.
             Both:        1.06 GB reserved,      48.62 MB (  4%) committed. 

Chunk freelists:
   Non-Class:  5.50 MB
       Class:  9.88 MB
        Both:  15.38 MB

MaxMetaspaceSize: unlimited
CompressedClassSpaceSize: 1.00 GB
Initial GC threshold: 21.00 MB
Current GC threshold: 68.56 MB
CDS: on
 - commit_granule_bytes: 65536.
 - commit_granule_words: 8192.
 - virtual_space_node_default_size: 8388608.
 - enlarge_chunks_in_place: 1.
 - use_allocation_guard: 0.


Internal statistics:

num_allocs_failed_limit: 6.
num_arena_births: 338.
num_arena_deaths: 0.
num_vsnodes_births: 2.
num_vsnodes_deaths: 0.
num_space_committed: 778.
num_space_uncommitted: 0.
num_chunks_returned_to_freelist: 6.
num_chunks_taken_from_freelist: 1918.
num_chunk_merges: 3.
num_chunk_splits: 1562.
num_chunks_enlarged: 1384.
num_inconsistent_stats: 0.

CodeHeap 'non-profiled nmethods': size=120064Kb used=3224Kb max_used=3224Kb free=116839Kb
 bounds [0x0000021beaee0000, 0x0000021beb210000, 0x0000021bf2420000]
CodeHeap 'profiled nmethods': size=120000Kb used=10663Kb max_used=10663Kb free=109336Kb
 bounds [0x0000021be3420000, 0x0000021be3e90000, 0x0000021bea950000]
CodeHeap 'non-nmethods': size=5696Kb used=1577Kb max_used=1628Kb free=4118Kb
 bounds [0x0000021bea950000, 0x0000021beabc0000, 0x0000021beaee0000]
CodeCache: size=245760Kb, used=15464Kb, max_used=15515Kb, free=230293Kb
 total_blobs=7153, nmethods=6504, adapters=552, full_count=0
Compilation: enabled, stopped_count=0, restarted_count=0

Compilation events (20 events):
Event: 14.857 Thread 0x0000021bfa49d5a0 nmethod 7047 0x0000021beb1f8788 code [0x0000021beb1f88a0, 0x0000021beb1f8ee8]
Event: 14.857 Thread 0x0000021bfa49d5a0 6983       4       com.daml.lf.speedy.PhaseOne::maybeSELocation (59 bytes)
Event: 14.858 Thread 0x0000021bfa49d5a0 nmethod 6983 0x0000021beb1f8f08 code [0x0000021beb1f9020, 0x0000021beb1f9178]
Event: 14.858 Thread 0x0000021bfa49d5a0 7048       4       com.daml.lf.speedy.SExpr1$SELocation::<init> (15 bytes)
Event: 14.860 Thread 0x0000021bfa49d5a0 nmethod 7048 0x0000021beb1f9208 code [0x0000021beb1f9300, 0x0000021beb1f9560]
Event: 14.860 Thread 0x0000021bfa49d5a0 7049       4       com.daml.lf.speedy.Anf$$Lambda/0x0000021b815d6a20::apply (20 bytes)
Event: 14.860 Thread 0x0000021bfa49ed70 7054       3       com.daml.lf.validation.Typing$Env::typeOfExpr (1476 bytes)
Event: 14.861 Thread 0x0000021bfa49d5a0 nmethod 7049 0x0000021beb1f9608 code [0x0000021beb1f9720, 0x0000021beb1f98b0]
Event: 14.861 Thread 0x0000021bfa49d5a0 7052       4       com.daml.lf.speedy.Anf$$Lambda/0x0000021b815d6470::apply (17 bytes)
Event: 14.863 Thread 0x0000021bfa49d5a0 nmethod 7052 0x0000021beb1f9908 code [0x0000021beb1f9a20, 0x0000021beb1f9c40]
Event: 14.863 Thread 0x0000021bfa49d5a0 7053       4       com.daml.lf.speedy.Anf::$anonfun$transformExp$6 (16 bytes)
Event: 14.865 Thread 0x0000021bfa49d5a0 nmethod 7053 0x0000021beb1f9d08 code [0x0000021beb1f9e20, 0x0000021beb1f9fe0]
Event: 14.865 Thread 0x0000021bfa49d5a0 7055       4       com.daml.lf.validation.Typing$Env::checkRecordType (65 bytes)
Event: 14.873 Thread 0x0000021bfa49ed70 nmethod 7054 0x0000021be3e52f08 code [0x0000021be3e54120, 0x0000021be3e619d0]
Event: 14.877 Thread 0x0000021bfa49ed70 7059       3       com.daml.lf.validation.Typing$$$Lambda/0x0000021b815cee40::<init> (15 bytes)
Event: 14.877 Thread 0x0000021bfa49ed70 nmethod 7059 0x0000021be3e61f08 code [0x0000021be3e62020, 0x0000021be3e62250]
Event: 14.881 Thread 0x0000021bfa49ed70 7062       3       scala.collection.immutable.Map$Map3::removed (6 bytes)
Event: 14.882 Thread 0x0000021bfa49ed70 nmethod 7062 0x0000021be3e62288 code [0x0000021be3e623a0, 0x0000021be3e624f8]
Event: 14.882 Thread 0x0000021bfa49ed70 7063       3       scala.collection.immutable.Map$Map3::removed (107 bytes)
Event: 14.883 Thread 0x0000021bfa49ed70 nmethod 7063 0x0000021be3e62588 code [0x0000021be3e627c0, 0x0000021be3e63820]

GC Heap History (20 events):
Event: 11.319 GC heap before
{Heap before GC invocations=12 (full 0):
 garbage-first heap   total reserved 4120576K, committed 57344K, used 44459K [0x0000000704800000, 0x0000000800000000)
  region size 2048K, 9 young (18432K), 2 survivors (4096K)
 Metaspace       used 41492K, committed 41856K, reserved 1114112K
  class space    used 5065K, committed 5248K, reserved 1048576K
}
Event: 11.321 GC heap after
{Heap after GC invocations=13 (full 0):
 garbage-first heap   total reserved 4120576K, committed 57344K, used 32175K [0x0000000704800000, 0x0000000800000000)
  region size 2048K, 1 young (2048K), 1 survivors (2048K)
 Metaspace       used 41492K, committed 41856K, reserved 1114112K
  class space    used 5065K, committed 5248K, reserved 1048576K
}
Event: 11.436 GC heap before
{Heap before GC invocations=13 (full 0):
 garbage-first heap   total reserved 4120576K, committed 57344K, used 46511K [0x0000000704800000, 0x0000000800000000)
  region size 2048K, 8 young (16384K), 1 survivors (2048K)
 Metaspace       used 41724K, committed 42112K, reserved 1114112K
  class space    used 5098K, committed 5248K, reserved 1048576K
}
Event: 11.441 GC heap after
{Heap after GC invocations=14 (full 0):
 garbage-first heap   total reserved 4120576K, committed 57344K, used 32433K [0x0000000704800000, 0x0000000800000000)
  region size 2048K, 1 young (2048K), 1 survivors (2048K)
 Metaspace       used 41724K, committed 42112K, reserved 1114112K
  class space    used 5098K, committed 5248K, reserved 1048576K
}
Event: 11.504 GC heap before
{Heap before GC invocations=14 (full 0):
 garbage-first heap   total reserved 4120576K, committed 57344K, used 46769K [0x0000000704800000, 0x0000000800000000)
  region size 2048K, 8 young (16384K), 1 survivors (2048K)
 Metaspace       used 41772K, committed 42112K, reserved 1114112K
  class space    used 5104K, committed 5248K, reserved 1048576K
}
Event: 11.507 GC heap after
{Heap after GC invocations=15 (full 0):
 garbage-first heap   total reserved 4120576K, committed 57344K, used 34160K [0x0000000704800000, 0x0000000800000000)
  region size 2048K, 1 young (2048K), 1 survivors (2048K)
 Metaspace       used 41772K, committed 42112K, reserved 1114112K
  class space    used 5104K, committed 5248K, reserved 1048576K
}
Event: 11.607 GC heap before
{Heap before GC invocations=16 (full 0):
 garbage-first heap   total reserved 4120576K, committed 59392K, used 46448K [0x0000000704800000, 0x0000000800000000)
  region size 2048K, 8 young (16384K), 1 survivors (2048K)
 Metaspace       used 41877K, committed 42240K, reserved 1114112K
  class space    used 5118K, committed 5248K, reserved 1048576K
}
Event: 11.611 GC heap after
{Heap after GC invocations=17 (full 0):
 garbage-first heap   total reserved 4120576K, committed 59392K, used 38849K [0x0000000704800000, 0x0000000800000000)
  region size 2048K, 1 young (2048K), 1 survivors (2048K)
 Metaspace       used 41877K, committed 42240K, reserved 1114112K
  class space    used 5118K, committed 5248K, reserved 1048576K
}
Event: 11.666 GC heap before
{Heap before GC invocations=17 (full 0):
 garbage-first heap   total reserved 4120576K, committed 59392K, used 51137K [0x0000000704800000, 0x0000000800000000)
  region size 2048K, 7 young (14336K), 1 survivors (2048K)
 Metaspace       used 41994K, committed 42368K, reserved 1114112K
  class space    used 5128K, committed 5312K, reserved 1048576K
}
Event: 11.670 GC heap after
{Heap after GC invocations=18 (full 0):
 garbage-first heap   total reserved 4120576K, committed 159744K, used 36864K [0x0000000704800000, 0x0000000800000000)
  region size 2048K, 1 young (2048K), 1 survivors (2048K)
 Metaspace       used 41994K, committed 42368K, reserved 1114112K
  class space    used 5128K, committed 5312K, reserved 1048576K
}
Event: 12.918 GC heap before
{Heap before GC invocations=18 (full 0):
 garbage-first heap   total reserved 4120576K, committed 159744K, used 110592K [0x0000000704800000, 0x0000000800000000)
  region size 2048K, 37 young (75776K), 1 survivors (2048K)
 Metaspace       used 47412K, committed 47744K, reserved 1114112K
  class space    used 5832K, committed 6016K, reserved 1048576K
}
Event: 12.925 GC heap after
{Heap after GC invocations=19 (full 0):
 garbage-first heap   total reserved 4120576K, committed 159744K, used 39016K [0x0000000704800000, 0x0000000800000000)
  region size 2048K, 3 young (6144K), 3 survivors (6144K)
 Metaspace       used 47412K, committed 47744K, reserved 1114112K
  class space    used 5832K, committed 6016K, reserved 1048576K
}
Event: 13.104 GC heap before
{Heap before GC invocations=19 (full 0):
 garbage-first heap   total reserved 4120576K, committed 159744K, used 102504K [0x0000000704800000, 0x0000000800000000)
  region size 2048K, 34 young (69632K), 3 survivors (6144K)
 Metaspace       used 47473K, committed 47808K, reserved 1114112K
  class space    used 5832K, committed 6016K, reserved 1048576K
}
Event: 13.107 GC heap after
{Heap after GC invocations=20 (full 0):
 garbage-first heap   total reserved 4120576K, committed 159744K, used 38979K [0x0000000704800000, 0x0000000800000000)
  region size 2048K, 3 young (6144K), 3 survivors (6144K)
 Metaspace       used 47473K, committed 47808K, reserved 1114112K
  class space    used 5832K, committed 6016K, reserved 1048576K
}
Event: 13.520 GC heap before
{Heap before GC invocations=20 (full 0):
 garbage-first heap   total reserved 4120576K, committed 159744K, used 112707K [0x0000000704800000, 0x0000000800000000)
  region size 2048K, 39 young (79872K), 3 survivors (6144K)
 Metaspace       used 48289K, committed 48576K, reserved 1114112K
  class space    used 5932K, committed 6080K, reserved 1048576K
}
Event: 13.525 GC heap after
{Heap after GC invocations=21 (full 0):
 garbage-first heap   total reserved 4120576K, committed 159744K, used 39738K [0x0000000704800000, 0x0000000800000000)
  region size 2048K, 3 young (6144K), 3 survivors (6144K)
 Metaspace       used 48289K, committed 48576K, reserved 1114112K
  class space    used 5932K, committed 6080K, reserved 1048576K
}
Event: 14.066 GC heap before
{Heap before GC invocations=21 (full 0):
 garbage-first heap   total reserved 4120576K, committed 159744K, used 119610K [0x0000000704800000, 0x0000000800000000)
  region size 2048K, 42 young (86016K), 3 survivors (6144K)
 Metaspace       used 48750K, committed 49088K, reserved 1114112K
  class space    used 5995K, committed 6144K, reserved 1048576K
}
Event: 14.070 GC heap after
{Heap after GC invocations=22 (full 0):
 garbage-first heap   total reserved 4120576K, committed 159744K, used 40081K [0x0000000704800000, 0x0000000800000000)
  region size 2048K, 3 young (6144K), 3 survivors (6144K)
 Metaspace       used 48750K, committed 49088K, reserved 1114112K
  class space    used 5995K, committed 6144K, reserved 1048576K
}
Event: 14.633 GC heap before
{Heap before GC invocations=22 (full 0):
 garbage-first heap   total reserved 4120576K, committed 159744K, used 122001K [0x0000000704800000, 0x0000000800000000)
  region size 2048K, 43 young (88064K), 3 survivors (6144K)
 Metaspace       used 49102K, committed 49472K, reserved 1114112K
  class space    used 6063K, committed 6208K, reserved 1048576K
}
Event: 14.638 GC heap after
{Heap after GC invocations=23 (full 0):
 garbage-first heap   total reserved 4120576K, committed 159744K, used 41981K [0x0000000704800000, 0x0000000800000000)
  region size 2048K, 4 young (8192K), 4 survivors (8192K)
 Metaspace       used 49102K, committed 49472K, reserved 1114112K
  class space    used 6063K, committed 6208K, reserved 1048576K
}

Dll operation events (8 events):
Event: 0.017 Loaded shared library C:\Program Files\Java\jdk-23\bin\java.dll
Event: 0.089 Loaded shared library C:\Program Files\Java\jdk-23\bin\jsvml.dll
Event: 0.121 Loaded shared library C:\Program Files\Java\jdk-23\bin\net.dll
Event: 0.126 Loaded shared library C:\Program Files\Java\jdk-23\bin\nio.dll
Event: 0.184 Loaded shared library C:\Program Files\Java\jdk-23\bin\zip.dll
Event: 0.717 Loaded shared library C:\Program Files\Java\jdk-23\bin\jimage.dll
Event: 2.692 Loaded shared library C:\Program Files\Java\jdk-23\bin\sunmscapi.dll
Event: 2.768 Loaded shared library C:\Program Files\Java\jdk-23\bin\extnet.dll

Deoptimization events (20 events):
Event: 14.851 Thread 0x0000021bc64b06f0 Uncommon trap: trap_request=0xffffffc6 fr.pc=0x0000021beb10fc0c relative=0x0000000000000a4c
Event: 14.853 Thread 0x0000021bc64b06f0 Uncommon trap: reason=bimorphic_or_optimized_type_check action=maybe_recompile pc=0x0000021beb10fc0c method=scala.collection.immutable.Map$.from(Lscala/collection/IterableOnce;)Lscala/collection/immutable/Map; @ 11 c2
Event: 14.853 Thread 0x0000021bc64b06f0 DEOPT PACKING pc=0x0000021beb10fc0c sp=0x0000009edaffe960
Event: 14.853 Thread 0x0000021bc64b06f0 DEOPT UNPACKING pc=0x0000021bea9a4402 sp=0x0000009edaffe950 mode 2
Event: 14.854 Thread 0x0000021bc64b06f0 Uncommon trap: trap_request=0xffffffad fr.pc=0x0000021beb1f4f98 relative=0x00000000000031d8
Event: 14.854 Thread 0x0000021bc64b06f0 Uncommon trap: reason=uninitialized action=reinterpret pc=0x0000021beb1f4f98 method=com.daml.lf.validation.Typing$Env.typeOfExpr(Lcom/daml/lf/language/Ast$Expr;)Lcom/daml/lf/validation/Typing$Work; @ 1051 c2
Event: 14.854 Thread 0x0000021bc64b06f0 DEOPT PACKING pc=0x0000021beb1f4f98 sp=0x0000009edaffe120
Event: 14.854 Thread 0x0000021bc64b06f0 DEOPT UNPACKING pc=0x0000021bea9a4402 sp=0x0000009edaffddf0 mode 2
Event: 14.863 Thread 0x0000021bc64b06f0 Uncommon trap: trap_request=0xffffffde fr.pc=0x0000021beb112ebc relative=0x000000000000099c
Event: 14.863 Thread 0x0000021bc64b06f0 Uncommon trap: reason=class_check action=maybe_recompile pc=0x0000021beb112ebc method=com.daml.lf.validation.Typing$Env.$anonfun$checkRecordType$4(Lscala/Function0;Lscala/collection/immutable/List;)Lcom/daml/lf/validation/Typing$Work; @ 1 c2
Event: 14.863 Thread 0x0000021bc64b06f0 DEOPT PACKING pc=0x0000021beb112ebc sp=0x0000009edaffe260
Event: 14.863 Thread 0x0000021bc64b06f0 DEOPT UNPACKING pc=0x0000021bea9a4402 sp=0x0000009edaffe060 mode 2
Event: 14.864 Thread 0x0000021bc64b06f0 Uncommon trap: trap_request=0xffffffde fr.pc=0x0000021beb112ebc relative=0x000000000000099c
Event: 14.864 Thread 0x0000021bc64b06f0 Uncommon trap: reason=class_check action=maybe_recompile pc=0x0000021beb112ebc method=com.daml.lf.validation.Typing$Env.$anonfun$checkRecordType$4(Lscala/Function0;Lscala/collection/immutable/List;)Lcom/daml/lf/validation/Typing$Work; @ 1 c2
Event: 14.864 Thread 0x0000021bc64b06f0 DEOPT PACKING pc=0x0000021beb112ebc sp=0x0000009edaffe260
Event: 14.864 Thread 0x0000021bc64b06f0 DEOPT UNPACKING pc=0x0000021bea9a4402 sp=0x0000009edaffe060 mode 2
Event: 14.879 Thread 0x0000021bc64b06f0 Uncommon trap: trap_request=0xffffffde fr.pc=0x0000021beb170cbc relative=0x00000000000000fc
Event: 14.879 Thread 0x0000021bc64b06f0 Uncommon trap: reason=class_check action=maybe_recompile pc=0x0000021beb170cbc method=com.daml.lf.validation.Typing$Env$$Lambda/0x0000021b8158bd90.apply(Ljava/lang/Object;)Ljava/lang/Object; @ 5 c2
Event: 14.879 Thread 0x0000021bc64b06f0 DEOPT PACKING pc=0x0000021beb170cbc sp=0x0000009edaffe170
Event: 14.879 Thread 0x0000021bc64b06f0 DEOPT UNPACKING pc=0x0000021bea9a4402 sp=0x0000009edaffe0f8 mode 2

Classes loaded (20 events):
Event: 11.088 Loading class java/lang/Byte$ByteCache
Event: 11.088 Loading class java/lang/Byte$ByteCache done
Event: 11.089 Loading class java/util/Formatter$FormatSpecifierParser
Event: 11.089 Loading class java/util/Formatter$FormatSpecifierParser done
Event: 12.010 Loading class java/lang/StringLatin1$CharsSpliterator
Event: 12.010 Loading class java/lang/StringLatin1$CharsSpliterator done
Event: 12.010 Loading class java/util/stream/IntPipeline$Head
Event: 12.010 Loading class java/util/stream/IntPipeline$Head done
Event: 12.122 Loading class java/time/Duration$1
Event: 12.123 Loading class java/time/Duration$1 done
Event: 12.123 Loading class java/text/ParsePosition
Event: 12.123 Loading class java/text/ParsePosition done
Event: 12.123 Loading class java/time/format/DateTimeParseContext
Event: 12.124 Loading class java/time/format/DateTimeParseContext done
Event: 12.124 Loading class java/time/format/Parsed
Event: 12.124 Loading class java/time/format/Parsed done
Event: 12.126 Loading class java/math/MutableBigInteger
Event: 12.127 Loading class java/math/MutableBigInteger done
Event: 12.218 Loading class java/lang/UnknownError
Event: 12.218 Loading class java/lang/UnknownError done

Classes unloaded (0 events):
No events

Classes redefined (0 events):
No events

Internal exceptions (20 events):
Event: 11.182 Thread 0x0000021bc64b06f0 Exception <a 'java/lang/NoSuchMethodError'{0x0000000707192ad8}: 'java.lang.Object java.lang.invoke.DirectMethodHandle$Holder.newInvokeSpecial(java.lang.Object, java.lang.Object, java.lang.Object, java.lang.Object, int)'> (0x0000000707192ad8) 
thrown [s\open\src\hotspot\share\interpreter\linkResolver.cpp, line 796]
Event: 11.183 Thread 0x0000021bc64b06f0 Exception <a 'java/lang/NoSuchMethodError'{0x0000000707196c48}: 'java.lang.Object java.lang.invoke.DirectMethodHandle$Holder.invokeSpecial(java.lang.Object, java.lang.Object, java.lang.Object, java.lang.Object, java.lang.Object, int)'> (0x0000000707196c48) 
thrown [s\open\src\hotspot\share\interpreter\linkResolver.cpp, line 796]
Event: 11.184 Thread 0x0000021bc64b06f0 Exception <a 'java/lang/NoSuchMethodError'{0x000000070719a6d0}: 'java.lang.Object java.lang.invoke.Invokers$Holder.linkToTargetMethod(java.lang.Object, java.lang.Object, java.lang.Object, int, java.lang.Object)'> (0x000000070719a6d0) 
thrown [s\open\src\hotspot\share\interpreter\linkResolver.cpp, line 796]
Event: 11.449 Thread 0x0000021bc64b06f0 Implicit null exception at 0x0000021beb02f21a to 0x0000021beb02fce0
Event: 12.012 Thread 0x0000021bc64b06f0 Exception <a 'java/lang/NoSuchMethodError'{0x000000070c255030}: 'java.lang.Object java.lang.invoke.DirectMethodHandle$Holder.newInvokeSpecial(java.lang.Object, int, java.lang.Object, java.lang.Object)'> (0x000000070c255030) 
thrown [s\open\src\hotspot\share\interpreter\linkResolver.cpp, line 796]
Event: 12.013 Thread 0x0000021bc64b06f0 Exception <a 'java/lang/NoSuchMethodError'{0x000000070c258f58}: 'java.lang.Object java.lang.invoke.DirectMethodHandle$Holder.invokeSpecial(java.lang.Object, java.lang.Object, int, java.lang.Object, java.lang.Object)'> (0x000000070c258f58) 
thrown [s\open\src\hotspot\share\interpreter\linkResolver.cpp, line 796]
Event: 12.078 Thread 0x0000021bc64b06f0 Exception <a 'java/lang/NoSuchMethodError'{0x000000070c0376f0}: 'void java.lang.invoke.DirectMethodHandle$Holder.invokeStatic(java.lang.Object, int)'> (0x000000070c0376f0) 
thrown [s\open\src\hotspot\share\interpreter\linkResolver.cpp, line 796]
Event: 12.408 Thread 0x0000021bc64b06f0 Exception <a 'java/lang/NoSuchMethodError'{0x000000070b88f8c8}: 'java.lang.Object java.lang.invoke.DirectMethodHandle$Holder.invokeStatic(java.lang.Object, java.lang.Object, java.lang.Object, java.lang.Object, int, java.lang.Object)'> (0x000000070b88f8c8) 
thrown [s\open\src\hotspot\share\interpreter\linkResolver.cpp, line 796]
Event: 12.424 Thread 0x0000021bc64b06f0 Exception <a 'java/lang/NoSuchMethodError'{0x000000070b8f5ef0}: 'java.lang.Object java.lang.invoke.DirectMethodHandle$Holder.newInvokeSpecial(java.lang.Object, java.lang.Object, java.lang.Object, java.lang.Object, int, java.lang.Object)'> (0x000000070b8f5ef0) 
thrown [s\open\src\hotspot\share\interpreter\linkResolver.cpp, line 796]
Event: 12.425 Thread 0x0000021bc64b06f0 Exception <a 'java/lang/NoSuchMethodError'{0x000000070b8fd870}: 'java.lang.Object java.lang.invoke.Invokers$Holder.linkToTargetMethod(java.lang.Object, java.lang.Object, java.lang.Object, int, java.lang.Object, java.lang.Object)'> (0x000000070b8fd870) 
thrown [s\open\src\hotspot\share\interpreter\linkResolver.cpp, line 796]
Event: 13.877 Thread 0x0000021bc64b06f0 Exception <a 'java/lang/NoSuchMethodError'{0x000000070cb97540}: 'java.lang.Object java.lang.invoke.DirectMethodHandle$Holder.invokeStatic(java.lang.Object, int, int)'> (0x000000070cb97540) 
thrown [s\open\src\hotspot\share\interpreter\linkResolver.cpp, line 796]
Event: 14.514 Thread 0x0000021bc64b06f0 Exception <a 'java/lang/NoSuchMethodError'{0x0000000709d8f6c8}: 'java.lang.Object java.lang.invoke.DirectMethodHandle$Holder.invokeStatic(java.lang.Object, java.lang.Object, java.lang.Object, java.lang.Object, java.lang.Object, int, java.lang.Object)'> (0x0000000709d8f6c8) 
thrown [s\open\src\hotspot\share\interpreter\linkResolver.cpp, line 796]
Event: 14.516 Thread 0x0000021bc64b06f0 Exception <a 'java/lang/NoSuchMethodError'{0x0000000709d986c0}: 'java.lang.Object java.lang.invoke.DirectMethodHandle$Holder.newInvokeSpecial(java.lang.Object, java.lang.Object, java.lang.Object, java.lang.Object, java.lang.Object, int)'> (0x0000000709d986c0) 
thrown [s\open\src\hotspot\share\interpreter\linkResolver.cpp, line 796]
Event: 14.517 Thread 0x0000021bc64b06f0 Exception <a 'java/lang/NoSuchMethodError'{0x0000000709d9cbc8}: 'java.lang.Object java.lang.invoke.DirectMethodHandle$Holder.invokeSpecial(java.lang.Object, java.lang.Object, java.lang.Object, java.lang.Object, java.lang.Object, java.lang.Object, int)'> (0x0000000709d9cbc8) 
thrown [s\open\src\hotspot\share\interpreter\linkResolver.cpp, line 796]
Event: 14.517 Thread 0x0000021bc64b06f0 Exception <a 'java/lang/NoSuchMethodError'{0x0000000709da0710}: 'java.lang.Object java.lang.invoke.Invokers$Holder.linkToTargetMethod(java.lang.Object, java.lang.Object, java.lang.Object, java.lang.Object, int, java.lang.Object)'> (0x0000000709da0710) 
thrown [s\open\src\hotspot\share\interpreter\linkResolver.cpp, line 796]
Event: 14.520 Thread 0x0000021bc64b06f0 Exception <a 'java/lang/NoSuchMethodError'{0x0000000709db7a18}: 'java.lang.Object java.lang.invoke.DirectMethodHandle$Holder.newInvokeSpecial(java.lang.Object, java.lang.Object, int, java.lang.Object)'> (0x0000000709db7a18) 
thrown [s\open\src\hotspot\share\interpreter\linkResolver.cpp, line 796]
Event: 14.521 Thread 0x0000021bc64b06f0 Exception <a 'java/lang/NoSuchMethodError'{0x0000000709dbb5d0}: 'java.lang.Object java.lang.invoke.DirectMethodHandle$Holder.invokeSpecial(java.lang.Object, java.lang.Object, java.lang.Object, int, java.lang.Object)'> (0x0000000709dbb5d0) 
thrown [s\open\src\hotspot\share\interpreter\linkResolver.cpp, line 796]
Event: 14.522 Thread 0x0000021bc64b06f0 Exception <a 'java/lang/NoSuchMethodError'{0x0000000709dbecf8}: 'java.lang.Object java.lang.invoke.Invokers$Holder.linkToTargetMethod(java.lang.Object, int, java.lang.Object, java.lang.Object)'> (0x0000000709dbecf8) 
thrown [s\open\src\hotspot\share\interpreter\linkResolver.cpp, line 796]
Event: 14.815 Thread 0x0000021bc64b06f0 Exception <a 'java/lang/NoSuchMethodError'{0x000000070bced720}: 'java.lang.Object java.lang.invoke.DirectMethodHandle$Holder.newInvokeSpecial(java.lang.Object, java.lang.Object, int, java.lang.Object, java.lang.Object)'> (0x000000070bced720) 
thrown [s\open\src\hotspot\share\interpreter\linkResolver.cpp, line 796]
Event: 14.816 Thread 0x0000021bc64b06f0 Exception <a 'java/lang/NoSuchMethodError'{0x000000070bcf1730}: 'java.lang.Object java.lang.invoke.DirectMethodHandle$Holder.invokeSpecial(java.lang.Object, java.lang.Object, java.lang.Object, int, java.lang.Object, java.lang.Object)'> (0x000000070bcf1730) 
thrown [s\open\src\hotspot\share\interpreter\linkResolver.cpp, line 796]

VM Operations (20 events):
Event: 11.606 Executing VM operation: G1CollectForAllocation (G1 Evacuation Pause)
Event: 11.611 Executing VM operation: G1CollectForAllocation (G1 Evacuation Pause) done
Event: 11.666 Executing VM operation: G1CollectForAllocation (G1 Evacuation Pause)
Event: 11.670 Executing VM operation: G1CollectForAllocation (G1 Evacuation Pause) done
Event: 12.226 Executing VM operation: HandshakeAllThreads (Deoptimize)
Event: 12.226 Executing VM operation: HandshakeAllThreads (Deoptimize) done
Event: 12.391 Executing VM operation: HandshakeAllThreads (Deoptimize)
Event: 12.391 Executing VM operation: HandshakeAllThreads (Deoptimize) done
Event: 12.918 Executing VM operation: G1CollectForAllocation (G1 Evacuation Pause)
Event: 12.925 Executing VM operation: G1CollectForAllocation (G1 Evacuation Pause) done
Event: 13.104 Executing VM operation: G1CollectForAllocation (G1 Evacuation Pause)
Event: 13.107 Executing VM operation: G1CollectForAllocation (G1 Evacuation Pause) done
Event: 13.308 Executing VM operation: HandshakeAllThreads (Deoptimize)
Event: 13.308 Executing VM operation: HandshakeAllThreads (Deoptimize) done
Event: 13.520 Executing VM operation: G1CollectForAllocation (G1 Evacuation Pause)
Event: 13.525 Executing VM operation: G1CollectForAllocation (G1 Evacuation Pause) done
Event: 14.065 Executing VM operation: G1CollectForAllocation (G1 Evacuation Pause)
Event: 14.071 Executing VM operation: G1CollectForAllocation (G1 Evacuation Pause) done
Event: 14.633 Executing VM operation: G1CollectForAllocation (G1 Evacuation Pause)
Event: 14.638 Executing VM operation: G1CollectForAllocation (G1 Evacuation Pause) done

Memory protections (0 events):
No events

Nmethod flushes (20 events):
Event: 11.520 Thread 0x0000021bfa475df0 flushing  nmethod 0x0000021be3726708
Event: 11.520 Thread 0x0000021bfa475df0 flushing  nmethod 0x0000021be3726c08
Event: 11.520 Thread 0x0000021bfa475df0 flushing  nmethod 0x0000021be3726f08
Event: 11.520 Thread 0x0000021bfa475df0 flushing  nmethod 0x0000021be3727288
Event: 11.520 Thread 0x0000021bfa475df0 flushing  nmethod 0x0000021be3727788
Event: 11.520 Thread 0x0000021bfa475df0 flushing  nmethod 0x0000021be3727c88
Event: 11.520 Thread 0x0000021bfa475df0 flushing  nmethod 0x0000021be3728588
Event: 11.520 Thread 0x0000021bfa475df0 flushing  nmethod 0x0000021be3728c08
Event: 11.520 Thread 0x0000021bfa475df0 flushing  nmethod 0x0000021be3728f08
Event: 11.520 Thread 0x0000021bfa475df0 flushing  nmethod 0x0000021be3729208
Event: 11.520 Thread 0x0000021bfa475df0 flushing  nmethod 0x0000021be379d408
Event: 11.520 Thread 0x0000021bfa475df0 flushing  nmethod 0x0000021be37a0888
Event: 11.520 Thread 0x0000021bfa475df0 flushing  nmethod 0x0000021be37a5e88
Event: 11.520 Thread 0x0000021bfa475df0 flushing  nmethod 0x0000021be37e4588
Event: 11.520 Thread 0x0000021bfa475df0 flushing  nmethod 0x0000021be37e4a08
Event: 11.520 Thread 0x0000021bfa475df0 flushing  nmethod 0x0000021be37e9d08
Event: 11.520 Thread 0x0000021bfa475df0 flushing  nmethod 0x0000021be37ea388
Event: 11.520 Thread 0x0000021bfa475df0 flushing  nmethod 0x0000021be386cf88
Event: 11.520 Thread 0x0000021bfa475df0 flushing  nmethod 0x0000021be390fe88
Event: 11.520 Thread 0x0000021bfa475df0 flushing  nmethod 0x0000021be3938608

Events (20 events):
Event: 1.673 Thread 0x0000021bc51b5060 Thread exited: 0x0000021bc51b5060
Event: 1.697 Thread 0x0000021bc5fcfa10 Thread added: 0x0000021bc5fd0730
Event: 1.698 Thread 0x0000021bc5cb2d00 Thread added: 0x0000021bc5fd1ae0
Event: 1.698 Thread 0x0000021bc6128d80 Thread added: 0x0000021bc5fd2800
Event: 1.698 Thread 0x0000021bc5cb2d00 Thread added: 0x0000021bc5fd0dc0
Event: 1.698 Thread 0x0000021bc5cb2d00 Thread added: 0x0000021bc5fd1450
Event: 1.851 Thread 0x0000021bfa49d5a0 Thread added: 0x0000021bc6476610
Event: 2.515 Thread 0x0000021bc6476610 Thread exited: 0x0000021bc6476610
Event: 2.910 Thread 0x0000021bdad01420 Thread added: 0x0000021bc64b0d80
Event: 3.053 Thread 0x0000021bdad01420 Thread added: 0x0000021bc64b2130
Event: 3.161 Thread 0x0000021bc64b0d80 Thread added: 0x0000021bc64b0060
Event: 3.457 Thread 0x0000021bc64b0060 Thread added: 0x0000021bc64b06f0
Event: 4.019 Thread 0x0000021bfa49ed70 Thread added: 0x0000021bc6d363d0
Event: 6.875 Thread 0x0000021bc6d363d0 Thread exited: 0x0000021bc6d363d0
Event: 9.817 Thread 0x0000021bfa49ed70 Thread added: 0x0000021bc5877900
Event: 10.302 Thread 0x0000021bc5877900 Thread exited: 0x0000021bc5877900
Event: 10.462 Thread 0x0000021bfa49ed70 Thread added: 0x0000021bc5070dc0
Event: 10.618 Thread 0x0000021bc5070dc0 Thread exited: 0x0000021bc5070dc0
Event: 10.631 Thread 0x0000021bfa49ed70 Thread added: 0x0000021bc5070dc0
Event: 11.356 Thread 0x0000021bfa49ed70 Thread added: 0x0000021bc7bf1010


Dynamic libraries:
0x00007ff73fa30000 - 0x00007ff73fa40000 	C:\Program Files\Java\jdk-23\bin\java.exe
0x00007ff87b520000 - 0x00007ff87b786000 	C:\WINDOWS\SYSTEM32\ntdll.dll
0x00007ff879e10000 - 0x00007ff879ed9000 	C:\WINDOWS\System32\KERNEL32.DLL
0x00007ff878a80000 - 0x00007ff878e7a000 	C:\WINDOWS\System32\KERNELBASE.dll
0x00007ff878f30000 - 0x00007ff87907c000 	C:\WINDOWS\System32\ucrtbase.dll
0x00007fffebbb0000 - 0x00007fffebbc7000 	C:\Program Files\Java\jdk-23\bin\jli.dll
0x00007ff87b260000 - 0x00007ff87b427000 	C:\WINDOWS\System32\USER32.dll
0x00007fffed930000 - 0x00007fffed94b000 	C:\Program Files\Java\jdk-23\bin\VCRUNTIME140.dll
0x00007ff879080000 - 0x00007ff8790a7000 	C:\WINDOWS\System32\win32u.dll
0x00007ff8779b0000 - 0x00007ff877c42000 	C:\WINDOWS\WinSxS\amd64_microsoft.windows.common-controls_6595b64144ccf1df_6.0.26100.8521_none_3e08b75ce33403b3\COMCTL32.dll
0x00007ff8792a0000 - 0x00007ff8792cb000 	C:\WINDOWS\System32\GDI32.dll
0x00007ff87b430000 - 0x00007ff87b4d9000 	C:\WINDOWS\System32\msvcrt.dll
0x00007ff8790b0000 - 0x00007ff8791db000 	C:\WINDOWS\System32\gdi32full.dll
0x00007ff878e80000 - 0x00007ff878f23000 	C:\WINDOWS\System32\msvcp_win.dll
0x00007ff8792d0000 - 0x00007ff879302000 	C:\WINDOWS\System32\IMM32.DLL
0x00007ff84b520000 - 0x00007ff84b612000 	C:\Program Files\Windhawk\Engine\1.6.1\64\windhawk.dll
0x00007ff87b130000 - 0x00007ff87b1e6000 	C:\WINDOWS\System32\ADVAPI32.dll
0x00007ff879d60000 - 0x00007ff879e0a000 	C:\WINDOWS\System32\sechost.dll
0x00007ff879310000 - 0x00007ff879428000 	C:\WINDOWS\System32\RPCRT4.dll
0x00007ff841ea0000 - 0x00007ff841eac000 	C:\Program Files\Java\jdk-23\bin\vcruntime140_1.dll
0x00007fffc7020000 - 0x00007fffc70ae000 	C:\Program Files\Java\jdk-23\bin\msvcp140.dll
0x00007fffa3100000 - 0x00007fffa3e4f000 	C:\Program Files\Java\jdk-23\bin\server\jvm.dll
0x00007ff879570000 - 0x00007ff8795f0000 	C:\WINDOWS\System32\WS2_32.dll
0x00007ff8742b0000 - 0x00007ff8742e6000 	C:\WINDOWS\SYSTEM32\WINMM.dll
0x00007ff85b4c0000 - 0x00007ff85b4cb000 	C:\WINDOWS\SYSTEM32\VERSION.dll
0x00007ff878610000 - 0x00007ff87866e000 	C:\WINDOWS\SYSTEM32\POWRPROF.dll
0x00007ff8785f0000 - 0x00007ff878604000 	C:\WINDOWS\SYSTEM32\UMPDC.dll
0x00007ff876c30000 - 0x00007ff876c4b000 	C:\WINDOWS\SYSTEM32\kernel.appcore.dll
0x00007ff837dd0000 - 0x00007ff837dda000 	C:\Program Files\Java\jdk-23\bin\jimage.dll
0x00007ff877f80000 - 0x00007ff8781c2000 	C:\WINDOWS\SYSTEM32\DBGHELP.DLL
0x00007ff87a910000 - 0x00007ff87ac93000 	C:\WINDOWS\System32\combase.dll
0x00007ff879bf0000 - 0x00007ff879cc9000 	C:\WINDOWS\System32\OLEAUT32.dll
0x00007ff877e50000 - 0x00007ff877e8b000 	C:\WINDOWS\SYSTEM32\dbgcore.DLL
0x00007ff8791e0000 - 0x00007ff879288000 	C:\WINDOWS\System32\bcryptPrimitives.dll
0x00007fffc7000000 - 0x00007fffc701e000 	C:\Program Files\Java\jdk-23\bin\java.dll
0x00007ff879a50000 - 0x00007ff879be8000 	C:\WINDOWS\System32\ole32.dll
0x00007ff879fe0000 - 0x00007ff87a764000 	C:\WINDOWS\System32\SHELL32.dll
0x00007ff8758e0000 - 0x00007ff876160000 	C:\WINDOWS\SYSTEM32\windows.storage.dll
0x00007ff879ee0000 - 0x00007ff879fd6000 	C:\WINDOWS\System32\SHCORE.dll
0x00007ff87a7a0000 - 0x00007ff87a807000 	C:\WINDOWS\System32\shlwapi.dll
0x00007ff8786d0000 - 0x00007ff8786f9000 	C:\WINDOWS\SYSTEM32\profapi.dll
0x00007fffa6840000 - 0x00007fffa6917000 	C:\Program Files\Java\jdk-23\bin\jsvml.dll
0x00007ff80c350000 - 0x00007ff80c360000 	C:\Program Files\Java\jdk-23\bin\net.dll
0x00007ff8771b0000 - 0x00007ff87721c000 	C:\WINDOWS\system32\mswsock.dll
0x00007fffc6fe0000 - 0x00007fffc6ff6000 	C:\Program Files\Java\jdk-23\bin\nio.dll
0x00007fffc6fc0000 - 0x00007fffc6fd7000 	C:\Program Files\Java\jdk-23\bin\zip.dll
0x00007ff876650000 - 0x00007ff876683000 	C:\WINDOWS\SYSTEM32\IPHLPAPI.DLL
0x00007ff879cd0000 - 0x00007ff879cda000 	C:\WINDOWS\System32\NSI.dll
0x00007fffeff20000 - 0x00007fffeff2e000 	C:\Program Files\Java\jdk-23\bin\sunmscapi.dll
0x00007ff8787b0000 - 0x00007ff878928000 	C:\WINDOWS\System32\CRYPT32.dll
0x00007ff877870000 - 0x00007ff8778a0000 	C:\WINDOWS\SYSTEM32\ncrypt.dll
0x00007ff877760000 - 0x00007ff87779f000 	C:\WINDOWS\SYSTEM32\NTASN1.dll
0x00007ff838180000 - 0x00007ff838188000 	C:\WINDOWS\system32\wshunix.dll
0x00007ff8782d0000 - 0x00007ff8782eb000 	C:\WINDOWS\SYSTEM32\CRYPTSP.dll
0x00007ff876b90000 - 0x00007ff876bc9000 	C:\WINDOWS\system32\rsaenh.dll
0x00007ff877280000 - 0x00007ff8772b3000 	C:\WINDOWS\SYSTEM32\USERENV.dll
0x00007ff8786a0000 - 0x00007ff8786ca000 	C:\WINDOWS\SYSTEM32\bcrypt.dll
0x00007ff877630000 - 0x00007ff87763c000 	C:\WINDOWS\SYSTEM32\CRYPTBASE.dll
0x00007fffdeaa0000 - 0x00007fffdeaa9000 	C:\Program Files\Java\jdk-23\bin\extnet.dll

dbghelp: loaded successfully - version: 4.0.5 - missing functions: none
symbol engine: initialized successfully - sym options: 0x614 - pdb path: .;C:\Program Files\Java\jdk-23\bin;C:\WINDOWS\SYSTEM32;C:\WINDOWS\WinSxS\amd64_microsoft.windows.common-controls_6595b64144ccf1df_6.0.26100.8521_none_3e08b75ce33403b3;C:\Program Files\Windhawk\Engine\1.6.1\64;C:\Program Files\Java\jdk-23\bin\server

VM Arguments:
java_command: C:\Users\Lenovo\AppData\Roaming\daml\sdk\2.9.4\damlc\resources\scenario-service.jar
java_class_path (initial): C:\Users\Lenovo\AppData\Roaming\daml\sdk\2.9.4\damlc\resources\scenario-service.jar
Launcher Type: SUN_STANDARD

[Global flags]
     intx CICompilerCount                          = 4                                         {product} {ergonomic}
     uint ConcGCThreads                            = 3                                         {product} {ergonomic}
     uint G1ConcRefinementThreads                  = 10                                        {product} {ergonomic}
   size_t G1HeapRegionSize                         = 2097152                                   {product} {ergonomic}
   size_t InitialHeapSize                          = 264241152                                 {product} {ergonomic}
   size_t MarkStackSize                            = 4194304                                   {product} {ergonomic}
   size_t MarkStackSizeMax                         = 536870912                                 {product} {ergonomic}
   size_t MaxHeapSize                              = 4219469824                                {product} {ergonomic}
   size_t MaxNewSize                               = 2531262464                                {product} {ergonomic}
   size_t MinHeapDeltaBytes                        = 2097152                                   {product} {ergonomic}
   size_t MinHeapSize                              = 8388608                                   {product} {ergonomic}
    uintx NonNMethodCodeHeapSize                   = 5832704                                {pd product} {ergonomic}
    uintx NonProfiledCodeHeapSize                  = 122945536                              {pd product} {ergonomic}
    uintx ProfiledCodeHeapSize                     = 122880000                              {pd product} {ergonomic}
    uintx ReservedCodeCacheSize                    = 251658240                              {pd product} {ergonomic}
     bool SegmentedCodeCache                       = true                                      {product} {ergonomic}
   size_t SoftMaxHeapSize                          = 4219469824                             {manageable} {ergonomic}
     bool UseCompressedOops                        = true                           {product lp64_product} {ergonomic}
     bool UseG1GC                                  = true                                      {product} {ergonomic}
     bool UseLargePagesIndividualAllocation        = false                                  {pd product} {ergonomic}

Logging:
Log output configuration:
 #0: stdout all=warning uptime,level,tags foldmultilines=false
 #1: stderr all=off uptime,level,tags foldmultilines=false

Environment Variables:
PATH=C:\Python313\Scripts\;C:\Python313\;C:\Program Files\Common Files\Oracle\Java\javapath;C:\Program Files (x86)\Common Files\Oracle\Java\java8path;C:\Program Files (x86)\Common Files\Oracle\Java\javapath;C:\WINDOWS\system32;C:\WINDOWS;C:\WINDOWS\System32\Wbem;C:\WINDOWS\System32\WindowsPowerShell\v1.0\;C:\WINDOWS\System32\OpenSSH\;C:\Program Files\Git\cmd;C:\Users\Lenovo\AppData\Local\Programs\Python\Python312\;C:\Program Files\MySQL\MySQL Shell 8.0\bin\;C:\Users\Lenovo\AppData\Local\Programs\Python\Python312\Scripts\;C:\Program Files\PuTTY\;C:\MinGW\bin;C:\MinGW\include;C:\ProgramData\chocolatey\bin;C:\Program Files\Microsoft SQL Server\120\Tools\Binn\;C:\Program Files\Common Files\Autodesk Shared\;C:\Program Files\nodejs\;C:\sqlite;C:\Program Files\GitHub CLI\;C:\Program Files\Cloudflare\Cloudflare WARP\;D:\semester 4\rplbo\praktik\apache-maven-3.9.12-bin\apache-maven-3.9.12\bin;C:\Program Files (x86)\cloudflared\;C:\Program Files\Docker\Docker\resources\bin;C:\Program Files\dotnet\;C:\xampp\php;C:\ProgramData\ComposerSetup\bin;C:\Users\Lenovo\AppData\Roaming\daml\bin;C:\Users\Lenovo\AppData\Local\agy\bin;C:\Users\Lenovo\scoop\shims;C:\Users\Lenovo\AppData\Local\Programs\oh-my-posh\bin\;C:\Users\Lenovo\AppData\Local\Microsoft\WindowsApps;C:\Users\Lenovo\AppData\Local\Programs\Microsoft VS Code\bin;C:\Users\Lenovo\AppData\Local\GitHubDesktop\bin;C:\Users\Lenovo\AppData\Roaming\npm;C:\Users\Lenovo\AppData\Local\Programs\mongosh\;C:\Users\Lenovo\AppData\Local\Microsoft\WinGet\Links;D:\Antigravity\bin;C:\Users\Lenovo\AppData\Local\Programs\Warp\bin;C:\Users\Lenovo\AppData\Local\devin\cli\bin;C:\Users\Lenovo\AppData\Roaming\Composer\vendor\bin;C:\Users\Lenovo\.local\bin;C:\Users\Lenovo\AppData\Local\Programs\Python\Python312;C:\Program Files\nodejs;C:\Python313;C:\Program Files\Git\mingw64\bin
USERNAME=Kiya
OS=Windows_NT
PROCESSOR_IDENTIFIER=Intel64 Family 6 Model 151 Stepping 2, GenuineIntel
TMP=C:\Users\Lenovo\AppData\Local\Temp
TEMP=C:\Users\Lenovo\AppData\Local\Temp




Periodic native trim disabled

---------------  S Y S T E M  ---------------

OS:
 Windows 11 , 64 bit Build 26100 (10.0.26100.8521)
OS uptime: 0 days 3:31 hours
Hyper-V role detected

CPU: total 12 (initial active 12) (6 cores per cpu, 2 threads per core) family 6 model 151 stepping 2 microcode 0x3e, cx8, cmov, fxsr, ht, mmx, 3dnowpref, sse, sse2, sse3, ssse3, sse4.1, sse4.2, popcnt, lzcnt, tsc, tscinvbit, avx, avx2, aes, erms, clmul, bmi1, bmi2, adx, sha, fma, vzeroupper, clflush, clflushopt, clwb, hv, serialize, rdtscp, rdpid, fsrm, gfni, f16c, cet_ibt, cet_ss
Processor Information for processor 0
  Max Mhz: 2400, Current Mhz: 2400, Mhz Limit: 2400
Processor Information for processor 1
  Max Mhz: 2400, Current Mhz: 2400, Mhz Limit: 2400
Processor Information for processor 2
  Max Mhz: 2400, Current Mhz: 2400, Mhz Limit: 2400
Processor Information for processor 3
  Max Mhz: 2400, Current Mhz: 2400, Mhz Limit: 2400
Processor Information for processor 4
  Max Mhz: 2400, Current Mhz: 2400, Mhz Limit: 2400
Processor Information for processor 5
  Max Mhz: 2400, Current Mhz: 2400, Mhz Limit: 2400
Processor Information for processor 6
  Max Mhz: 2400, Current Mhz: 2400, Mhz Limit: 2400
Processor Information for processor 7
  Max Mhz: 2400, Current Mhz: 2400, Mhz Limit: 2400
Processor Information for processor 8
  Max Mhz: 2400, Current Mhz: 1466, Mhz Limit: 2400
Processor Information for processor 9
  Max Mhz: 2400, Current Mhz: 1466, Mhz Limit: 2400
Processor Information for processor 10
  Max Mhz: 2400, Current Mhz: 1466, Mhz Limit: 2400
Processor Information for processor 11
  Max Mhz: 2400, Current Mhz: 2400, Mhz Limit: 2400

Memory: 4k page, system-wide physical 16091M (757M free)
TotalPageFile size 26600M (AvailPageFile size 8M)
current process WorkingSet (physical memory assigned to process): 324M, peak: 324M
current process commit charge ("private bytes"): 374M, peak: 384M

vm_info: Java HotSpot(TM) 64-Bit Server VM (23.0.1+11-39) for windows-amd64 JRE (23.0.1+11-39), built on 2024-09-30T07:20:43Z with MS VC++ 17.6 (VS2022)

END.
